<?xml version="1.0" encoding="UTF-8"?>
<coverage generated="1671403540">
  <project timestamp="1671403540">
    <file name="/home/mateus/Documents/open-source/batch-mailer-for-laravel/src/BatchMailManager.php">
      <class name="InteractionDesignFoundation\BatchMailer\BatchMailManager" namespace="global">
        <metrics complexity="28" methods="16" coveredmethods="9" conditionals="0" coveredconditionals="0" statements="49" coveredstatements="38" elements="65" coveredelements="47"/>
      </class>
      <line num="26" type="method" name="mailer" visibility="public" complexity="2" crap="2" count="7"/>
      <line num="28" type="stmt" count="7"/>
      <line num="30" type="stmt" count="7"/>
      <line num="33" type="method" name="get" visibility="public" complexity="1" crap="1" count="7"/>
      <line num="35" type="stmt" count="7"/>
      <line num="38" type="method" name="resolve" visibility="public" complexity="2" crap="2.01" count="7"/>
      <line num="40" type="stmt" count="7"/>
      <line num="42" type="stmt" count="7"/>
      <line num="43" type="stmt" count="0"/>
      <line num="46" type="stmt" count="7"/>
      <line num="47" type="stmt" count="7"/>
      <line num="48" type="stmt" count="7"/>
      <line num="49" type="stmt" count="7"/>
      <line num="50" type="stmt" count="7"/>
      <line num="51" type="stmt" count="7"/>
      <line num="54" type="method" name="createBatchTransport" visibility="protected" complexity="4" crap="4.07" count="7"/>
      <line num="56" type="stmt" count="7"/>
      <line num="58" type="stmt" count="7"/>
      <line num="59" type="stmt" count="2"/>
      <line num="62" type="stmt" count="6"/>
      <line num="63" type="stmt" count="0"/>
      <line num="66" type="stmt" count="6"/>
      <line num="70" type="method" name="createMailgunTransport" visibility="private" complexity="1" crap="1" count="2"/>
      <line num="72" type="stmt" count="2"/>
      <line num="74" type="stmt" count="2"/>
      <line num="75" type="stmt" count="2"/>
      <line num="76" type="stmt" count="2"/>
      <line num="77" type="stmt" count="2"/>
      <line num="81" type="method" name="createPostmarkTransport" visibility="private" complexity="1" crap="1" count="2"/>
      <line num="83" type="stmt" count="2"/>
      <line num="87" type="method" name="createFailoverTransport" visibility="private" complexity="4" crap="4.18" count="2"/>
      <line num="89" type="stmt" count="2"/>
      <line num="91" type="stmt" count="2"/>
      <line num="92" type="stmt" count="2"/>
      <line num="94" type="stmt" count="2"/>
      <line num="95" type="stmt" count="0"/>
      <line num="98" type="stmt" count="2"/>
      <line num="99" type="stmt" count="0"/>
      <line num="100" type="stmt" count="2"/>
      <line num="103" type="stmt" count="2"/>
      <line num="106" type="method" name="createArrayTransport" visibility="private" complexity="1" crap="1" count="2"/>
      <line num="108" type="stmt" count="2"/>
      <line num="111" type="method" name="getConfig" visibility="protected" complexity="2" crap="2.15" count="7"/>
      <line num="113" type="stmt" count="7"/>
      <line num="114" type="stmt" count="0"/>
      <line num="115" type="stmt" count="7"/>
      <line num="119" type="method" name="getDefaultDriver" visibility="public" complexity="1" crap="1" count="6"/>
      <line num="121" type="stmt" count="6"/>
      <line num="122" type="stmt" count="6"/>
      <line num="126" type="method" name="setDefaultDriver" visibility="public" complexity="2" crap="6" count="0"/>
      <line num="128" type="stmt" count="0"/>
      <line num="129" type="stmt" count="0"/>
      <line num="132" type="stmt" count="0"/>
      <line num="136" type="method" name="purge" visibility="public" complexity="2" crap="6" count="0"/>
      <line num="138" type="stmt" count="0"/>
      <line num="140" type="stmt" count="0"/>
      <line num="144" type="method" name="extend" visibility="public" complexity="1" crap="1" count="2"/>
      <line num="146" type="stmt" count="2"/>
      <line num="148" type="stmt" count="2"/>
      <line num="152" type="method" name="getApplication" visibility="public" complexity="1" crap="2" count="0"/>
      <line num="154" type="stmt" count="0"/>
      <line num="157" type="method" name="hasCustomCreatorFor" visibility="private" complexity="1" crap="1" count="7"/>
      <line num="159" type="stmt" count="7"/>
      <line num="162" type="method" name="__call" visibility="public" complexity="1" crap="1" count="3"/>
      <line num="164" type="stmt" count="3"/>
      <metrics loc="166" ncloc="155" classes="1" methods="16" coveredmethods="9" conditionals="0" coveredconditionals="0" statements="49" coveredstatements="38" elements="65" coveredelements="47"/>
    </file>
    <file name="/home/mateus/Documents/open-source/batch-mailer-for-laravel/src/BatchMailer.php">
      <class name="InteractionDesignFoundation\BatchMailer\BatchMailer" namespace="global">
        <metrics complexity="33" methods="17" coveredmethods="8" conditionals="0" coveredconditionals="0" statements="54" coveredstatements="42" elements="71" coveredelements="50"/>
      </class>
      <line num="24" type="method" name="__construct" visibility="public" complexity="1" crap="1" count="13"/>
      <line num="29" type="stmt" count="13"/>
      <line num="32" type="method" name="to" visibility="public" complexity="1" crap="1" count="4"/>
      <line num="34" type="stmt" count="4"/>
      <line num="38" type="method" name="bcc" visibility="public" complexity="1" crap="2" count="0"/>
      <line num="40" type="stmt" count="0"/>
      <line num="44" type="method" name="cc" visibility="public" complexity="1" crap="2" count="0"/>
      <line num="46" type="stmt" count="0"/>
      <line num="49" type="method" name="html" visibility="public" complexity="1" crap="1" count="1"/>
      <line num="51" type="stmt" count="1"/>
      <line num="54" type="method" name="plain" visibility="public" complexity="1" crap="2" count="0"/>
      <line num="56" type="stmt" count="0"/>
      <line num="59" type="method" name="render" visibility="public" complexity="2" crap="6" count="0"/>
      <line num="61" type="stmt" count="0"/>
      <line num="63" type="stmt" count="0"/>
      <line num="65" type="stmt" count="0"/>
      <line num="68" type="method" name="getBatchTransport" visibility="public" complexity="1" crap="1" count="4"/>
      <line num="70" type="stmt" count="4"/>
      <line num="73" type="method" name="getViewFactory" visibility="public" complexity="1" crap="2" count="0"/>
      <line num="75" type="stmt" count="0"/>
      <line num="78" type="method" name="send" visibility="public" complexity="4" crap="4.01" count="9"/>
      <line num="80" type="stmt" count="9"/>
      <line num="81" type="stmt" count="3"/>
      <line num="84" type="stmt" count="9"/>
      <line num="86" type="stmt" count="9"/>
      <line num="88" type="stmt" count="9"/>
      <line num="89" type="stmt" count="9"/>
      <line num="92" type="stmt" count="9"/>
      <line num="95" type="stmt" count="9"/>
      <line num="97" type="stmt" count="9"/>
      <line num="98" type="stmt" count="0"/>
      <line num="101" type="stmt" count="9"/>
      <line num="103" type="stmt" count="9"/>
      <line num="106" type="method" name="dispatchSentEvent" visibility="private" complexity="1" crap="1" count="9"/>
      <line num="108" type="stmt" count="9"/>
      <line num="109" type="stmt" count="9"/>
      <line num="110" type="stmt" count="9"/>
      <line num="113" type="method" name="sendBatchMessage" visibility="protected" complexity="1" crap="1" count="9"/>
      <line num="116" type="stmt" count="9"/>
      <line num="122" type="method" name="addContent" visibility="protected" complexity="6" crap="6.17" count="9"/>
      <line num="124" type="stmt" count="9"/>
      <line num="125" type="stmt" count="9"/>
      <line num="128" type="stmt" count="9"/>
      <line num="129" type="stmt" count="2"/>
      <line num="132" type="stmt" count="9"/>
      <line num="133" type="stmt" count="0"/>
      <line num="137" type="method" name="renderView" visibility="protected" complexity="2" crap="2" count="9"/>
      <line num="139" type="stmt" count="9"/>
      <line num="140" type="stmt" count="5"/>
      <line num="141" type="stmt" count="9"/>
      <line num="144" type="method" name="createMessage" visibility="protected" complexity="3" crap="3.33" count="9"/>
      <line num="146" type="stmt" count="9"/>
      <line num="148" type="stmt" count="9"/>
      <line num="149" type="stmt" count="0"/>
      <line num="152" type="stmt" count="9"/>
      <line num="153" type="stmt" count="0"/>
      <line num="156" type="stmt" count="9"/>
      <line num="159" type="method" name="parseView" visibility="protected" complexity="5" crap="5.02" count="9"/>
      <line num="161" type="stmt" count="9"/>
      <line num="162" type="stmt" count="3"/>
      <line num="165" type="stmt" count="6"/>
      <line num="166" type="stmt" count="1"/>
      <line num="169" type="stmt" count="5"/>
      <line num="170" type="stmt" count="5"/>
      <line num="171" type="stmt" count="5"/>
      <line num="172" type="stmt" count="5"/>
      <line num="173" type="stmt" count="5"/>
      <line num="174" type="stmt" count="5"/>
      <line num="177" type="stmt" count="0"/>
      <line num="180" type="method" name="sendMailable" visibility="protected" complexity="1" crap="1" count="3"/>
      <line num="182" type="stmt" count="3"/>
      <metrics loc="184" ncloc="178" classes="1" methods="17" coveredmethods="8" conditionals="0" coveredconditionals="0" statements="54" coveredstatements="42" elements="71" coveredelements="50"/>
    </file>
    <file name="/home/mateus/Documents/open-source/batch-mailer-for-laravel/src/BatchMailerMessage.php">
      <class name="InteractionDesignFoundation\BatchMailer\BatchMailerMessage" namespace="global">
        <metrics complexity="49" methods="47" coveredmethods="24" conditionals="0" coveredconditionals="0" statements="74" coveredstatements="39" elements="121" coveredelements="63"/>
      </class>
      <line num="50" type="method" name="setTo" visibility="public" complexity="1" crap="2" count="0"/>
      <line num="52" type="stmt" count="0"/>
      <line num="54" type="stmt" count="0"/>
      <line num="57" type="method" name="addTo" visibility="public" complexity="1" crap="1" count="13"/>
      <line num="59" type="stmt" count="13"/>
      <line num="61" type="stmt" count="13"/>
      <line num="64" type="method" name="addReplyTo" visibility="public" complexity="1" crap="1" count="7"/>
      <line num="66" type="stmt" count="7"/>
      <line num="68" type="stmt" count="7"/>
      <line num="71" type="method" name="setCc" visibility="public" complexity="1" crap="2" count="0"/>
      <line num="73" type="stmt" count="0"/>
      <line num="75" type="stmt" count="0"/>
      <line num="78" type="method" name="addCc" visibility="public" complexity="1" crap="1" count="5"/>
      <line num="80" type="stmt" count="5"/>
      <line num="82" type="stmt" count="5"/>
      <line num="85" type="method" name="setBcc" visibility="public" complexity="1" crap="2" count="0"/>
      <line num="87" type="stmt" count="0"/>
      <line num="89" type="stmt" count="0"/>
      <line num="92" type="method" name="addBcc" visibility="public" complexity="1" crap="1" count="5"/>
      <line num="94" type="stmt" count="5"/>
      <line num="96" type="stmt" count="5"/>
      <line num="99" type="method" name="attach" visibility="public" complexity="3" crap="3.04" count="4"/>
      <line num="101" type="stmt" count="4"/>
      <line num="102" type="stmt" count="0"/>
      <line num="105" type="stmt" count="4"/>
      <line num="106" type="stmt" count="4"/>
      <line num="109" type="stmt" count="4"/>
      <line num="111" type="stmt" count="4"/>
      <line num="114" type="method" name="addCampaignId" visibility="public" complexity="1" crap="2" count="0"/>
      <line num="116" type="stmt" count="0"/>
      <line num="118" type="stmt" count="0"/>
      <line num="121" type="method" name="setHtml" visibility="public" complexity="1" crap="1" count="12"/>
      <line num="123" type="stmt" count="12"/>
      <line num="125" type="stmt" count="12"/>
      <line num="128" type="method" name="setText" visibility="public" complexity="1" crap="1" count="5"/>
      <line num="130" type="stmt" count="5"/>
      <line num="132" type="stmt" count="5"/>
      <line num="135" type="method" name="addCustomHeader" visibility="public" complexity="1" crap="1" count="1"/>
      <line num="137" type="stmt" count="1"/>
      <line num="139" type="stmt" count="1"/>
      <line num="142" type="method" name="setSubject" visibility="public" complexity="1" crap="1" count="7"/>
      <line num="144" type="stmt" count="7"/>
      <line num="146" type="stmt" count="7"/>
      <line num="149" type="method" name="setFrom" visibility="public" complexity="1" crap="1" count="13"/>
      <line num="151" type="stmt" count="13"/>
      <line num="153" type="stmt" count="13"/>
      <line num="156" type="method" name="addTag" visibility="public" complexity="1" crap="2" count="0"/>
      <line num="158" type="stmt" count="0"/>
      <line num="160" type="stmt" count="0"/>
      <line num="163" type="method" name="addMetadata" visibility="public" complexity="1" crap="2" count="0"/>
      <line num="165" type="stmt" count="0"/>
      <line num="167" type="stmt" count="0"/>
      <line num="170" type="method" name="trackOpenings" visibility="public" complexity="1" crap="2" count="0"/>
      <line num="172" type="stmt" count="0"/>
      <line num="174" type="stmt" count="0"/>
      <line num="177" type="method" name="shouldTrackAllLinks" visibility="public" complexity="1" crap="2" count="0"/>
      <line num="179" type="stmt" count="0"/>
      <line num="181" type="stmt" count="0"/>
      <line num="184" type="method" name="trackTextLinksOnly" visibility="public" complexity="1" crap="2" count="0"/>
      <line num="186" type="stmt" count="0"/>
      <line num="188" type="stmt" count="0"/>
      <line num="191" type="method" name="trackHtmlLinksOnly" visibility="public" complexity="1" crap="2" count="0"/>
      <line num="193" type="stmt" count="0"/>
      <line num="195" type="stmt" count="0"/>
      <line num="198" type="method" name="setLinkTracking" visibility="public" complexity="1" crap="2" count="0"/>
      <line num="200" type="stmt" count="0"/>
      <line num="202" type="stmt" count="0"/>
      <line num="205" type="method" name="setDeliveryTime" visibility="public" complexity="1" crap="2" count="0"/>
      <line num="207" type="stmt" count="0"/>
      <line num="209" type="stmt" count="0"/>
      <line num="212" type="method" name="setMessageStream" visibility="public" complexity="1" crap="1" count="3"/>
      <line num="214" type="stmt" count="3"/>
      <line num="216" type="stmt" count="3"/>
      <line num="220" type="method" name="recipients" visibility="public" complexity="1" crap="1" count="4"/>
      <line num="222" type="stmt" count="4"/>
      <line num="225" type="method" name="from" visibility="public" complexity="1" crap="1" count="3"/>
      <line num="227" type="stmt" count="3"/>
      <line num="230" type="method" name="html" visibility="public" complexity="1" crap="1" count="7"/>
      <line num="232" type="stmt" count="7"/>
      <line num="235" type="method" name="text" visibility="public" complexity="1" crap="1" count="4"/>
      <line num="237" type="stmt" count="4"/>
      <line num="241" type="method" name="tags" visibility="public" complexity="1" crap="2" count="0"/>
      <line num="243" type="stmt" count="0"/>
      <line num="246" type="method" name="firstTag" visibility="public" complexity="1" crap="2" count="0"/>
      <line num="248" type="stmt" count="0"/>
      <line num="252" type="method" name="replyTo" visibility="public" complexity="1" crap="1" count="3"/>
      <line num="254" type="stmt" count="3"/>
      <line num="258" type="method" name="cc" visibility="public" complexity="1" crap="1" count="4"/>
      <line num="260" type="stmt" count="4"/>
      <line num="264" type="method" name="bcc" visibility="public" complexity="1" crap="1" count="4"/>
      <line num="266" type="stmt" count="4"/>
      <line num="270" type="method" name="headers" visibility="public" complexity="1" crap="1" count="1"/>
      <line num="272" type="stmt" count="1"/>
      <line num="276" type="method" name="attachments" visibility="public" complexity="1" crap="1" count="2"/>
      <line num="278" type="stmt" count="2"/>
      <line num="282" type="method" name="campaignIds" visibility="public" complexity="1" crap="2" count="0"/>
      <line num="284" type="stmt" count="0"/>
      <line num="287" type="method" name="subject" visibility="public" complexity="1" crap="1" count="3"/>
      <line num="289" type="stmt" count="3"/>
      <line num="292" type="method" name="messageStream" visibility="public" complexity="1" crap="1" count="2"/>
      <line num="294" type="stmt" count="2"/>
      <line num="297" type="method" name="clickTrackingType" visibility="public" complexity="1" crap="1" count="2"/>
      <line num="299" type="stmt" count="2"/>
      <line num="302" type="method" name="deliveryTime" visibility="public" complexity="1" crap="2" count="0"/>
      <line num="304" type="stmt" count="0"/>
      <line num="307" type="method" name="hasText" visibility="public" complexity="1" crap="2" count="0"/>
      <line num="309" type="stmt" count="0"/>
      <line num="312" type="method" name="hasTag" visibility="public" complexity="1" crap="1" count="2"/>
      <line num="314" type="stmt" count="2"/>
      <line num="317" type="method" name="hasHeaders" visibility="public" complexity="1" crap="1" count="2"/>
      <line num="319" type="stmt" count="2"/>
      <line num="322" type="method" name="shouldTrackOpenings" visibility="public" complexity="1" crap="2" count="0"/>
      <line num="324" type="stmt" count="0"/>
      <line num="327" type="method" name="shouldNotTrackOpenings" visibility="public" complexity="1" crap="2" count="0"/>
      <line num="329" type="stmt" count="0"/>
      <line num="332" type="method" name="hasReplyToAddresses" visibility="public" complexity="1" crap="2" count="0"/>
      <line num="334" type="stmt" count="0"/>
      <line num="337" type="method" name="hasDeliveryTime" visibility="public" complexity="1" crap="2" count="0"/>
      <line num="339" type="stmt" count="0"/>
      <line num="343" type="method" name="metadata" visibility="public" complexity="1" crap="2" count="0"/>
      <line num="345" type="stmt" count="0"/>
      <metrics loc="347" ncloc="328" classes="1" methods="47" coveredmethods="24" conditionals="0" coveredconditionals="0" statements="74" coveredstatements="39" elements="121" coveredelements="63"/>
    </file>
    <file name="/home/mateus/Documents/open-source/batch-mailer-for-laravel/src/Concerns/NormalizeAddresses.php">
      <class name="InteractionDesignFoundation\BatchMailer\Concerns\NormalizeAddresses" namespace="global">
        <metrics complexity="5" methods="1" coveredmethods="1" conditionals="0" coveredconditionals="0" statements="10" coveredstatements="10" elements="11" coveredelements="11"/>
      </class>
      <line num="11" type="method" name="normalizeAddresses" visibility="protected" complexity="5" crap="5" count="6"/>
      <line num="13" type="stmt" count="6"/>
      <line num="15" type="stmt" count="6"/>
      <line num="16" type="stmt" count="1"/>
      <line num="19" type="stmt" count="6"/>
      <line num="20" type="stmt" count="5"/>
      <line num="21" type="stmt" count="4"/>
      <line num="24" type="stmt" count="5"/>
      <line num="25" type="stmt" count="2"/>
      <line num="28" type="stmt" count="4"/>
      <line num="29" type="stmt" count="6"/>
      <metrics loc="31" ncloc="30" classes="1" methods="1" coveredmethods="1" conditionals="0" coveredconditionals="0" statements="10" coveredstatements="10" elements="11" coveredelements="11"/>
    </file>
    <file name="/home/mateus/Documents/open-source/batch-mailer-for-laravel/src/Console/Commands/BatchMailMakeCommand.php">
      <class name="InteractionDesignFoundation\BatchMailer\Console\Commands\BatchMailMakeCommand" namespace="global">
        <metrics complexity="5" methods="4" coveredmethods="0" conditionals="0" coveredconditionals="0" statements="8" coveredstatements="0" elements="12" coveredelements="0"/>
      </class>
      <line num="22" type="method" name="getStub" visibility="protected" complexity="1" crap="2" count="0"/>
      <line num="24" type="stmt" count="0"/>
      <line num="27" type="method" name="resolveStubPath" visibility="private" complexity="2" crap="6" count="0"/>
      <line num="29" type="stmt" count="0"/>
      <line num="30" type="stmt" count="0"/>
      <line num="31" type="stmt" count="0"/>
      <line num="39" type="method" name="getOptions" visibility="protected" complexity="1" crap="2" count="0"/>
      <line num="41" type="stmt" count="0"/>
      <line num="42" type="stmt" count="0"/>
      <line num="43" type="stmt" count="0"/>
      <line num="46" type="method" name="getDefaultNamespace" visibility="protected" complexity="1" crap="2" count="0"/>
      <line num="48" type="stmt" count="0"/>
      <metrics loc="50" ncloc="41" classes="1" methods="4" coveredmethods="0" conditionals="0" coveredconditionals="0" statements="8" coveredstatements="0" elements="12" coveredelements="0"/>
    </file>
    <file name="/home/mateus/Documents/open-source/batch-mailer-for-laravel/src/Contracts/BatchMailable.php">
      <line num="13" type="stmt" count="0"/>
      <line num="33" type="stmt" count="0"/>
      <metrics loc="41" ncloc="25" classes="0" methods="0" coveredmethods="0" conditionals="0" coveredconditionals="0" statements="2" coveredstatements="0" elements="2" coveredelements="0"/>
    </file>
    <file name="/home/mateus/Documents/open-source/batch-mailer-for-laravel/src/Contracts/BatchMailer.php">
      <metrics loc="18" ncloc="15" classes="0" methods="0" coveredmethods="0" conditionals="0" coveredconditionals="0" statements="0" coveredstatements="0" elements="0" coveredelements="0"/>
    </file>
    <file name="/home/mateus/Documents/open-source/batch-mailer-for-laravel/src/Contracts/BatchTransport.php">
      <metrics loc="15" ncloc="15" classes="0" methods="0" coveredmethods="0" conditionals="0" coveredconditionals="0" statements="0" coveredstatements="0" elements="0" coveredelements="0"/>
    </file>
    <file name="/home/mateus/Documents/open-source/batch-mailer-for-laravel/src/Contracts/Exception.php">
      <metrics loc="8" ncloc="8" classes="0" methods="0" coveredmethods="0" conditionals="0" coveredconditionals="0" statements="0" coveredstatements="0" elements="0" coveredelements="0"/>
    </file>
    <file name="/home/mateus/Documents/open-source/batch-mailer-for-laravel/src/Contracts/Factory.php">
      <metrics loc="8" ncloc="8" classes="0" methods="0" coveredmethods="0" conditionals="0" coveredconditionals="0" statements="0" coveredstatements="0" elements="0" coveredelements="0"/>
    </file>
    <file name="/home/mateus/Documents/open-source/batch-mailer-for-laravel/src/Enums/ClickTracking.php">
      <line num="5" type="stmt" count="1"/>
      <line num="6" type="stmt" count="1"/>
      <line num="7" type="stmt" count="1"/>
      <line num="8" type="stmt" count="1"/>
      <line num="9" type="stmt" count="1"/>
      <line num="10" type="stmt" count="1"/>
      <line num="11" type="stmt" count="1"/>
      <metrics loc="12" ncloc="12" classes="0" methods="0" coveredmethods="0" conditionals="0" coveredconditionals="0" statements="7" coveredstatements="7" elements="7" coveredelements="7"/>
    </file>
    <file name="/home/mateus/Documents/open-source/batch-mailer-for-laravel/src/Events/BatchMessageSent.php">
      <class name="InteractionDesignFoundation\BatchMailer\Events\BatchMessageSent" namespace="global">
        <metrics complexity="1" methods="1" coveredmethods="1" conditionals="0" coveredconditionals="0" statements="1" coveredstatements="1" elements="2" coveredelements="2"/>
      </class>
      <line num="9" type="method" name="__construct" visibility="public" complexity="1" crap="1" count="4"/>
      <line num="12" type="stmt" count="4"/>
      <metrics loc="13" ncloc="13" classes="1" methods="1" coveredmethods="1" conditionals="0" coveredconditionals="0" statements="1" coveredstatements="1" elements="2" coveredelements="2"/>
    </file>
    <file name="/home/mateus/Documents/open-source/batch-mailer-for-laravel/src/Exceptions/MissingRequiredParameter.php">
      <class name="InteractionDesignFoundation\BatchMailer\Exceptions\MissingRequiredParameter" namespace="global">
        <metrics complexity="0" methods="0" coveredmethods="0" conditionals="0" coveredconditionals="0" statements="0" coveredstatements="0" elements="0" coveredelements="0"/>
      </class>
      <metrics loc="10" ncloc="10" classes="0" methods="0" coveredmethods="0" conditionals="0" coveredconditionals="0" statements="0" coveredstatements="0" elements="0" coveredelements="0"/>
    </file>
    <file name="/home/mateus/Documents/open-source/batch-mailer-for-laravel/src/Exceptions/TooManyRecipients.php">
      <class name="InteractionDesignFoundation\BatchMailer\Exceptions\TooManyRecipients" namespace="global">
        <metrics complexity="0" methods="0" coveredmethods="0" conditionals="0" coveredconditionals="0" statements="0" coveredstatements="0" elements="0" coveredelements="0"/>
      </class>
      <metrics loc="10" ncloc="10" classes="0" methods="0" coveredmethods="0" conditionals="0" coveredconditionals="0" statements="0" coveredstatements="0" elements="0" coveredelements="0"/>
    </file>
    <file name="/home/mateus/Documents/open-source/batch-mailer-for-laravel/src/Exceptions/TransportException.php">
      <class name="InteractionDesignFoundation\BatchMailer\Exceptions\TransportException" namespace="global">
        <metrics complexity="2" methods="2" coveredmethods="2" conditionals="0" coveredconditionals="0" statements="2" coveredstatements="2" elements="4" coveredelements="4"/>
      </class>
      <line num="11" type="method" name="getDebug" visibility="public" complexity="1" crap="1" count="4"/>
      <line num="13" type="stmt" count="4"/>
      <line num="16" type="method" name="appendDebug" visibility="public" complexity="1" crap="1" count="5"/>
      <line num="18" type="stmt" count="5"/>
      <metrics loc="20" ncloc="20" classes="1" methods="2" coveredmethods="2" conditionals="0" coveredconditionals="0" statements="2" coveredstatements="2" elements="4" coveredelements="4"/>
    </file>
    <file name="/home/mateus/Documents/open-source/batch-mailer-for-laravel/src/Facades/BatchMail.php">
      <class name="InteractionDesignFoundation\BatchMailer\Facades\BatchMail" namespace="global">
        <metrics complexity="1" methods="1" coveredmethods="1" conditionals="0" coveredconditionals="0" statements="1" coveredstatements="1" elements="2" coveredelements="2"/>
      </class>
      <line num="21" type="method" name="getFacadeAccessor" visibility="public" complexity="1" crap="1" count="2"/>
      <line num="23" type="stmt" count="2"/>
      <metrics loc="25" ncloc="13" classes="1" methods="1" coveredmethods="1" conditionals="0" coveredconditionals="0" statements="1" coveredstatements="1" elements="2" coveredelements="2"/>
    </file>
    <file name="/home/mateus/Documents/open-source/batch-mailer-for-laravel/src/Mailable.php">
      <class name="InteractionDesignFoundation\BatchMailer\Mailable" namespace="global">
        <metrics complexity="61" methods="29" coveredmethods="14" conditionals="0" coveredconditionals="0" statements="155" coveredstatements="108" elements="184" coveredelements="122"/>
      </class>
      <line num="75" type="method" name="send" visibility="public" complexity="2" crap="2.00" count="3"/>
      <line num="77" type="stmt" count="3"/>
      <line num="79" type="stmt" count="3"/>
      <line num="80" type="stmt" count="0"/>
      <line num="81" type="stmt" count="3"/>
      <line num="83" type="stmt" count="3"/>
      <line num="84" type="stmt" count="3"/>
      <line num="85" type="stmt" count="3"/>
      <line num="86" type="stmt" count="3"/>
      <line num="87" type="stmt" count="3"/>
      <line num="88" type="stmt" count="3"/>
      <line num="89" type="stmt" count="3"/>
      <line num="90" type="stmt" count="3"/>
      <line num="93" type="method" name="buildFrom" visibility="protected" complexity="1" crap="1" count="3"/>
      <line num="95" type="stmt" count="3"/>
      <line num="97" type="stmt" count="3"/>
      <line num="100" type="method" name="buildRecipients" visibility="protected" complexity="3" crap="3" count="3"/>
      <line num="102" type="stmt" count="3"/>
      <line num="103" type="stmt" count="3"/>
      <line num="104" type="stmt" count="3"/>
      <line num="105" type="stmt" count="3"/>
      <line num="109" type="stmt" count="3"/>
      <line num="112" type="method" name="buildSubject" visibility="protected" complexity="2" crap="2.06" count="3"/>
      <line num="114" type="stmt" count="3"/>
      <line num="115" type="stmt" count="0"/>
      <line num="117" type="stmt" count="3"/>
      <line num="120" type="stmt" count="3"/>
      <line num="123" type="method" name="buildTags" visibility="protected" complexity="3" crap="4.12" count="3"/>
      <line num="125" type="stmt" count="3"/>
      <line num="126" type="stmt" count="0"/>
      <line num="127" type="stmt" count="0"/>
      <line num="131" type="stmt" count="3"/>
      <line num="134" type="method" name="buildMetadata" visibility="protected" complexity="3" crap="4.12" count="3"/>
      <line num="136" type="stmt" count="3"/>
      <line num="137" type="stmt" count="0"/>
      <line num="138" type="stmt" count="0"/>
      <line num="142" type="stmt" count="3"/>
      <line num="145" type="method" name="runCallbacks" visibility="protected" complexity="2" crap="2" count="3"/>
      <line num="147" type="stmt" count="3"/>
      <line num="148" type="stmt" count="3"/>
      <line num="151" type="stmt" count="3"/>
      <line num="154" type="method" name="buildView" visibility="protected" complexity="6" crap="13.15" count="3"/>
      <line num="156" type="stmt" count="3"/>
      <line num="157" type="stmt" count="3"/>
      <line num="158" type="stmt" count="3"/>
      <line num="159" type="stmt" count="3"/>
      <line num="160" type="stmt" count="3"/>
      <line num="163" type="stmt" count="0"/>
      <line num="164" type="stmt" count="0"/>
      <line num="167" type="stmt" count="0"/>
      <line num="168" type="stmt" count="0"/>
      <line num="169" type="stmt" count="0"/>
      <line num="170" type="stmt" count="0"/>
      <line num="173" type="stmt" count="0"/>
      <line num="176" type="method" name="buildMarkdownView" visibility="protected" complexity="2" crap="6" count="0"/>
      <line num="178" type="stmt" count="0"/>
      <line num="180" type="stmt" count="0"/>
      <line num="181" type="stmt" count="0"/>
      <line num="184" type="stmt" count="0"/>
      <line num="186" type="stmt" count="0"/>
      <line num="187" type="stmt" count="0"/>
      <line num="188" type="stmt" count="0"/>
      <line num="189" type="stmt" count="0"/>
      <line num="192" type="method" name="buildViewData" visibility="public" complexity="3" crap="3.07" count="3"/>
      <line num="194" type="stmt" count="3"/>
      <line num="196" type="stmt" count="3"/>
      <line num="197" type="stmt" count="3"/>
      <line num="198" type="stmt" count="0"/>
      <line num="202" type="stmt" count="3"/>
      <line num="205" type="method" name="buildMarkdownText" visibility="protected" complexity="1" crap="2" count="0"/>
      <line num="207" type="stmt" count="0"/>
      <line num="210" type="method" name="from" visibility="public" complexity="1" crap="2" count="0"/>
      <line num="212" type="stmt" count="0"/>
      <line num="214" type="stmt" count="0"/>
      <line num="217" type="method" name="replyTo" visibility="public" complexity="1" crap="2" count="0"/>
      <line num="219" type="stmt" count="0"/>
      <line num="221" type="stmt" count="0"/>
      <line num="223" type="stmt" count="0"/>
      <line num="226" type="method" name="cc" visibility="public" complexity="1" crap="1" count="3"/>
      <line num="228" type="stmt" count="3"/>
      <line num="230" type="stmt" count="3"/>
      <line num="233" type="method" name="bcc" visibility="public" complexity="1" crap="1" count="3"/>
      <line num="235" type="stmt" count="3"/>
      <line num="237" type="stmt" count="3"/>
      <line num="240" type="method" name="to" visibility="public" complexity="1" crap="1" count="4"/>
      <line num="242" type="stmt" count="4"/>
      <line num="244" type="stmt" count="4"/>
      <line num="248" type="method" name="mailer" visibility="public" complexity="1" crap="1" count="3"/>
      <line num="250" type="stmt" count="3"/>
      <line num="252" type="stmt" count="3"/>
      <line num="255" type="method" name="hasTo" visibility="public" complexity="1" crap="1" count="1"/>
      <line num="257" type="stmt" count="1"/>
      <line num="260" type="method" name="hasRecipient" visibility="protected" complexity="5" crap="5.12" count="1"/>
      <line num="262" type="stmt" count="1"/>
      <line num="263" type="stmt" count="0"/>
      <line num="266" type="stmt" count="1"/>
      <line num="268" type="stmt" count="1"/>
      <line num="269" type="stmt" count="0"/>
      <line num="272" type="stmt" count="1"/>
      <line num="273" type="stmt" count="1"/>
      <line num="276" type="stmt" count="1"/>
      <line num="277" type="stmt" count="1"/>
      <line num="278" type="stmt" count="1"/>
      <line num="281" type="stmt" count="1"/>
      <line num="282" type="stmt" count="1"/>
      <line num="285" type="method" name="assertHasTo" visibility="public" complexity="3" crap="3.10" count="1"/>
      <line num="287" type="stmt" count="1"/>
      <line num="289" type="stmt" count="1"/>
      <line num="290" type="stmt" count="0"/>
      <line num="293" type="stmt" count="1"/>
      <line num="294" type="stmt" count="0"/>
      <line num="297" type="stmt" count="1"/>
      <line num="298" type="stmt" count="1"/>
      <line num="299" type="stmt" count="1"/>
      <line num="300" type="stmt" count="1"/>
      <line num="303" type="method" name="prepareMailableForDelivery" visibility="private" complexity="1" crap="1" count="3"/>
      <line num="305" type="stmt" count="3"/>
      <line num="306" type="stmt" count="3"/>
      <line num="307" type="stmt" count="3"/>
      <line num="308" type="stmt" count="3"/>
      <line num="311" type="method" name="ensureContentIsHydrated" visibility="private" complexity="2" crap="2" count="3"/>
      <line num="313" type="stmt" count="3"/>
      <line num="315" type="stmt" count="3"/>
      <line num="316" type="stmt" count="3"/>
      <line num="317" type="stmt" count="3"/>
      <line num="319" type="stmt" count="3"/>
      <line num="320" type="stmt" count="3"/>
      <line num="323" type="stmt" count="3"/>
      <line num="326" type="method" name="ensureEnvelopeIsHydrated" visibility="private" complexity="1" crap="1" count="3"/>
      <line num="328" type="stmt" count="3"/>
      <line num="330" type="stmt" count="3"/>
      <line num="331" type="stmt" count="3"/>
      <line num="332" type="stmt" count="3"/>
      <line num="333" type="stmt" count="3"/>
      <line num="334" type="stmt" count="3"/>
      <line num="335" type="stmt" count="3"/>
      <line num="336" type="stmt" count="3"/>
      <line num="337" type="stmt" count="3"/>
      <line num="341" type="method" name="uniqueAddresses" visibility="private" complexity="1" crap="1" count="3"/>
      <line num="343" type="stmt" count="3"/>
      <line num="344" type="stmt" count="3"/>
      <line num="345" type="stmt" count="3"/>
      <line num="346" type="stmt" count="3"/>
      <line num="349" type="method" name="ensureHeadersAreHydrated" visibility="private" complexity="5" crap="18.69" count="3"/>
      <line num="351" type="stmt" count="3"/>
      <line num="352" type="stmt" count="3"/>
      <line num="355" type="stmt" count="0"/>
      <line num="358" type="stmt" count="0"/>
      <line num="359" type="stmt" count="0"/>
      <line num="360" type="stmt" count="0"/>
      <line num="363" type="stmt" count="0"/>
      <line num="364" type="stmt" count="0"/>
      <line num="367" type="stmt" count="0"/>
      <line num="368" type="stmt" count="0"/>
      <line num="370" type="stmt" count="0"/>
      <line num="373" type="method" name="ensureAttachmentsAreHydrated" visibility="protected" complexity="3" crap="3.01" count="3"/>
      <line num="375" type="stmt" count="3"/>
      <line num="376" type="stmt" count="0"/>
      <line num="379" type="stmt" count="3"/>
      <line num="381" type="stmt" count="3"/>
      <line num="382" type="stmt" count="3"/>
      <line num="384" type="stmt" count="3"/>
      <line num="385" type="stmt" count="3"/>
      <line num="386" type="stmt" count="3"/>
      <line num="388" type="stmt" count="3"/>
      <line num="391" type="method" name="withBatchMailerMessage" visibility="protected" complexity="1" crap="1" count="3"/>
      <line num="393" type="stmt" count="3"/>
      <line num="395" type="stmt" count="3"/>
      <line num="398" type="method" name="attach" visibility="public" complexity="3" crap="3" count="4"/>
      <line num="400" type="stmt" count="4"/>
      <line num="401" type="stmt" count="1"/>
      <line num="404" type="stmt" count="4"/>
      <line num="405" type="stmt" count="4"/>
      <line num="408" type="stmt" count="4"/>
      <line num="409" type="stmt" count="4"/>
      <line num="410" type="stmt" count="4"/>
      <line num="411" type="stmt" count="4"/>
      <line num="413" type="stmt" count="4"/>
      <line num="417" type="method" name="attachData" visibility="public" complexity="1" crap="2" count="0"/>
      <line num="419" type="stmt" count="0"/>
      <line num="420" type="stmt" count="0"/>
      <line num="421" type="stmt" count="0"/>
      <line num="422" type="stmt" count="0"/>
      <line num="424" type="stmt" count="0"/>
      <metrics loc="426" ncloc="408" classes="1" methods="29" coveredmethods="14" conditionals="0" coveredconditionals="0" statements="155" coveredstatements="108" elements="184" coveredelements="122"/>
    </file>
    <file name="/home/mateus/Documents/open-source/batch-mailer-for-laravel/src/Mailables/Address.php">
      <class name="InteractionDesignFoundation\BatchMailer\Mailables\Address" namespace="global">
        <metrics complexity="2" methods="2" coveredmethods="2" conditionals="0" coveredconditionals="0" statements="2" coveredstatements="2" elements="4" coveredelements="4"/>
      </class>
      <line num="7" type="method" name="__construct" visibility="public" complexity="1" crap="1" count="20"/>
      <line num="10" type="stmt" count="20"/>
      <line num="12" type="method" name="getFullName" visibility="public" complexity="1" crap="1" count="2"/>
      <line num="14" type="stmt" count="2"/>
      <metrics loc="16" ncloc="16" classes="1" methods="2" coveredmethods="2" conditionals="0" coveredconditionals="0" statements="2" coveredstatements="2" elements="4" coveredelements="4"/>
    </file>
    <file name="/home/mateus/Documents/open-source/batch-mailer-for-laravel/src/Mailables/Attachment.php">
      <class name="InteractionDesignFoundation\BatchMailer\Mailables\Attachment" namespace="global">
        <metrics complexity="10" methods="10" coveredmethods="6" conditionals="0" coveredconditionals="0" statements="31" coveredstatements="11" elements="41" coveredelements="17"/>
      </class>
      <line num="26" type="method" name="__construct" visibility="private" complexity="1" crap="1" count="5"/>
      <line num="28" type="stmt" count="5"/>
      <line num="32" type="method" name="fromPath" visibility="public" complexity="1" crap="1" count="5"/>
      <line num="34" type="stmt" count="5"/>
      <line num="38" type="method" name="fromData" visibility="public" complexity="1" crap="2" count="0"/>
      <line num="40" type="stmt" count="0"/>
      <line num="41" type="stmt" count="0"/>
      <line num="42" type="stmt" count="0"/>
      <line num="46" type="method" name="fromStorage" visibility="public" complexity="1" crap="2" count="0"/>
      <line num="48" type="stmt" count="0"/>
      <line num="52" type="method" name="fromStorageDisk" visibility="public" complexity="1" crap="2" count="0"/>
      <line num="54" type="stmt" count="0"/>
      <line num="55" type="stmt" count="0"/>
      <line num="56" type="stmt" count="0"/>
      <line num="57" type="stmt" count="0"/>
      <line num="59" type="stmt" count="0"/>
      <line num="60" type="stmt" count="0"/>
      <line num="61" type="stmt" count="0"/>
      <line num="63" type="stmt" count="0"/>
      <line num="64" type="stmt" count="0"/>
      <line num="68" type="method" name="as" visibility="public" complexity="1" crap="1" count="4"/>
      <line num="70" type="stmt" count="4"/>
      <line num="72" type="stmt" count="4"/>
      <line num="76" type="method" name="withMime" visibility="public" complexity="1" crap="1" count="1"/>
      <line num="78" type="stmt" count="1"/>
      <line num="80" type="stmt" count="1"/>
      <line num="84" type="method" name="attachWith" visibility="public" complexity="1" crap="1" count="5"/>
      <line num="86" type="stmt" count="5"/>
      <line num="90" type="method" name="attachTo" visibility="public" complexity="1" crap="1" count="5"/>
      <line num="92" type="stmt" count="5"/>
      <line num="93" type="stmt" count="5"/>
      <line num="94" type="stmt" count="5"/>
      <line num="95" type="stmt" count="5"/>
      <line num="99" type="method" name="isEquivalent" visibility="public" complexity="1" crap="2" count="0"/>
      <line num="101" type="stmt" count="0"/>
      <line num="102" type="stmt" count="0"/>
      <line num="103" type="stmt" count="0"/>
      <line num="104" type="stmt" count="0"/>
      <line num="105" type="stmt" count="0"/>
      <line num="106" type="stmt" count="0"/>
      <line num="107" type="stmt" count="0"/>
      <metrics loc="110" ncloc="97" classes="1" methods="10" coveredmethods="6" conditionals="0" coveredconditionals="0" statements="31" coveredstatements="11" elements="41" coveredelements="17"/>
    </file>
    <file name="/home/mateus/Documents/open-source/batch-mailer-for-laravel/src/Mailables/Content.php">
      <class name="InteractionDesignFoundation\BatchMailer\Mailables\Content" namespace="global">
        <metrics complexity="8" methods="7" coveredmethods="1" conditionals="0" coveredconditionals="0" statements="14" coveredstatements="1" elements="21" coveredelements="2"/>
      </class>
      <line num="7" type="method" name="__construct" visibility="public" complexity="1" crap="1" count="3"/>
      <line num="14" type="stmt" count="3"/>
      <line num="17" type="method" name="view" visibility="public" complexity="1" crap="2" count="0"/>
      <line num="19" type="stmt" count="0"/>
      <line num="20" type="stmt" count="0"/>
      <line num="24" type="method" name="html" visibility="public" complexity="1" crap="2" count="0"/>
      <line num="26" type="stmt" count="0"/>
      <line num="30" type="method" name="text" visibility="public" complexity="1" crap="2" count="0"/>
      <line num="32" type="stmt" count="0"/>
      <line num="33" type="stmt" count="0"/>
      <line num="37" type="method" name="markdown" visibility="public" complexity="1" crap="2" count="0"/>
      <line num="39" type="stmt" count="0"/>
      <line num="40" type="stmt" count="0"/>
      <line num="44" type="method" name="htmlString" visibility="public" complexity="1" crap="2" count="0"/>
      <line num="46" type="stmt" count="0"/>
      <line num="47" type="stmt" count="0"/>
      <line num="51" type="method" name="with" visibility="public" complexity="2" crap="6" count="0"/>
      <line num="53" type="stmt" count="0"/>
      <line num="54" type="stmt" count="0"/>
      <line num="56" type="stmt" count="0"/>
      <line num="58" type="stmt" count="0"/>
      <metrics loc="60" ncloc="54" classes="1" methods="7" coveredmethods="1" conditionals="0" coveredconditionals="0" statements="14" coveredstatements="1" elements="21" coveredelements="2"/>
    </file>
    <file name="/home/mateus/Documents/open-source/batch-mailer-for-laravel/src/Mailables/Envelope.php">
      <class name="InteractionDesignFoundation\BatchMailer\Mailables\Envelope" namespace="global">
        <metrics complexity="18" methods="11" coveredmethods="4" conditionals="0" coveredconditionals="0" statements="38" coveredstatements="16" elements="49" coveredelements="20"/>
      </class>
      <line num="59" type="method" name="__construct" visibility="public" complexity="1" crap="1" count="5"/>
      <line num="61" type="stmt" count="5"/>
      <line num="62" type="stmt" count="5"/>
      <line num="63" type="stmt" count="5"/>
      <line num="64" type="stmt" count="5"/>
      <line num="65" type="stmt" count="5"/>
      <line num="66" type="stmt" count="5"/>
      <line num="67" type="stmt" count="5"/>
      <line num="68" type="stmt" count="5"/>
      <line num="72" type="method" name="from" visibility="public" complexity="2" crap="2" count="1"/>
      <line num="74" type="stmt" count="1"/>
      <line num="76" type="stmt" count="1"/>
      <line num="80" type="method" name="to" visibility="public" complexity="2" crap="2" count="1"/>
      <line num="82" type="stmt" count="1"/>
      <line num="83" type="stmt" count="1"/>
      <line num="84" type="stmt" count="1"/>
      <line num="86" type="stmt" count="1"/>
      <line num="90" type="method" name="cc" visibility="public" complexity="2" crap="6" count="0"/>
      <line num="92" type="stmt" count="0"/>
      <line num="93" type="stmt" count="0"/>
      <line num="94" type="stmt" count="0"/>
      <line num="96" type="stmt" count="0"/>
      <line num="100" type="method" name="bcc" visibility="public" complexity="2" crap="6" count="0"/>
      <line num="102" type="stmt" count="0"/>
      <line num="103" type="stmt" count="0"/>
      <line num="104" type="stmt" count="0"/>
      <line num="106" type="stmt" count="0"/>
      <line num="110" type="method" name="replyTo" visibility="public" complexity="2" crap="6" count="0"/>
      <line num="112" type="stmt" count="0"/>
      <line num="113" type="stmt" count="0"/>
      <line num="114" type="stmt" count="0"/>
      <line num="116" type="stmt" count="0"/>
      <line num="120" type="method" name="subject" visibility="public" complexity="1" crap="1" count="1"/>
      <line num="122" type="stmt" count="1"/>
      <line num="124" type="stmt" count="1"/>
      <line num="128" type="method" name="tags" visibility="public" complexity="1" crap="2" count="0"/>
      <line num="130" type="stmt" count="0"/>
      <line num="132" type="stmt" count="0"/>
      <line num="136" type="method" name="tag" visibility="public" complexity="1" crap="2" count="0"/>
      <line num="138" type="stmt" count="0"/>
      <line num="140" type="stmt" count="0"/>
      <line num="144" type="method" name="metadata" visibility="public" complexity="1" crap="2" count="0"/>
      <line num="146" type="stmt" count="0"/>
      <line num="148" type="stmt" count="0"/>
      <line num="152" type="method" name="isFrom" visibility="public" complexity="3" crap="12" count="0"/>
      <line num="154" type="stmt" count="0"/>
      <line num="155" type="stmt" count="0"/>
      <line num="158" type="stmt" count="0"/>
      <line num="159" type="stmt" count="0"/>
      <metrics loc="161" ncloc="122" classes="1" methods="11" coveredmethods="4" conditionals="0" coveredconditionals="0" statements="38" coveredstatements="16" elements="49" coveredelements="20"/>
    </file>
    <file name="/home/mateus/Documents/open-source/batch-mailer-for-laravel/src/Mailables/Headers.php">
      <class name="InteractionDesignFoundation\BatchMailer\Mailables\Headers" namespace="global">
        <metrics complexity="5" methods="5" coveredmethods="0" conditionals="0" coveredconditionals="0" statements="13" coveredstatements="0" elements="18" coveredelements="0"/>
      </class>
      <line num="12" type="method" name="__construct" visibility="public" complexity="1" crap="2" count="0"/>
      <line num="13" type="stmt" count="0"/>
      <line num="14" type="stmt" count="0"/>
      <line num="15" type="stmt" count="0"/>
      <line num="16" type="stmt" count="0"/>
      <line num="19" type="method" name="messageId" visibility="public" complexity="1" crap="2" count="0"/>
      <line num="21" type="stmt" count="0"/>
      <line num="22" type="stmt" count="0"/>
      <line num="26" type="method" name="references" visibility="public" complexity="1" crap="2" count="0"/>
      <line num="28" type="stmt" count="0"/>
      <line num="29" type="stmt" count="0"/>
      <line num="33" type="method" name="text" visibility="public" complexity="1" crap="2" count="0"/>
      <line num="35" type="stmt" count="0"/>
      <line num="36" type="stmt" count="0"/>
      <line num="40" type="method" name="referencesString" visibility="public" complexity="1" crap="2" count="0"/>
      <line num="42" type="stmt" count="0"/>
      <line num="43" type="stmt" count="0"/>
      <line num="44" type="stmt" count="0"/>
      <metrics loc="46" ncloc="42" classes="1" methods="5" coveredmethods="0" conditionals="0" coveredconditionals="0" statements="13" coveredstatements="0" elements="18" coveredelements="0"/>
    </file>
    <file name="/home/mateus/Documents/open-source/batch-mailer-for-laravel/src/PendingBatchMail.php">
      <class name="InteractionDesignFoundation\BatchMailer\PendingBatchMail" namespace="global">
        <metrics complexity="6" methods="5" coveredmethods="3" conditionals="0" coveredconditionals="0" statements="10" coveredstatements="6" elements="15" coveredelements="9"/>
      </class>
      <line num="24" type="method" name="send" visibility="public" complexity="1" crap="1" count="3"/>
      <line num="26" type="stmt" count="3"/>
      <line num="30" type="method" name="to" visibility="public" complexity="1" crap="1" count="4"/>
      <line num="32" type="stmt" count="4"/>
      <line num="34" type="stmt" count="4"/>
      <line num="38" type="method" name="cc" visibility="public" complexity="1" crap="2" count="0"/>
      <line num="40" type="stmt" count="0"/>
      <line num="42" type="stmt" count="0"/>
      <line num="46" type="method" name="bcc" visibility="public" complexity="1" crap="2" count="0"/>
      <line num="48" type="stmt" count="0"/>
      <line num="50" type="stmt" count="0"/>
      <line num="53" type="method" name="fill" visibility="protected" complexity="1" crap="1" count="3"/>
      <line num="55" type="stmt" count="3"/>
      <line num="56" type="stmt" count="3"/>
      <line num="57" type="stmt" count="3"/>
      <metrics loc="59" ncloc="53" classes="1" methods="5" coveredmethods="3" conditionals="0" coveredconditionals="0" statements="10" coveredstatements="6" elements="15" coveredelements="9"/>
    </file>
    <file name="/home/mateus/Documents/open-source/batch-mailer-for-laravel/src/Providers/BatchMailerServiceProvider.php">
      <class name="InteractionDesignFoundation\BatchMailer\Providers\BatchMailerServiceProvider" namespace="global">
        <metrics complexity="5" methods="5" coveredmethods="3" conditionals="0" coveredconditionals="0" statements="17" coveredstatements="10" elements="22" coveredelements="13"/>
      </class>
      <line num="11" type="method" name="boot" visibility="public" complexity="1" crap="1" count="24"/>
      <line num="14" type="stmt" count="24"/>
      <line num="16" type="method" name="register" visibility="public" complexity="1" crap="1" count="24"/>
      <line num="18" type="stmt" count="24"/>
      <line num="22" type="method" name="provides" visibility="public" complexity="1" crap="2" count="0"/>
      <line num="24" type="stmt" count="0"/>
      <line num="25" type="stmt" count="0"/>
      <line num="26" type="stmt" count="0"/>
      <line num="27" type="stmt" count="0"/>
      <line num="30" type="method" name="registerBatchMailers" visibility="private" complexity="1" crap="1" count="24"/>
      <line num="32" type="stmt" count="24"/>
      <line num="33" type="stmt" count="24"/>
      <line num="34" type="stmt" count="24"/>
      <line num="35" type="stmt" count="24"/>
      <line num="37" type="stmt" count="24"/>
      <line num="38" type="stmt" count="24"/>
      <line num="39" type="stmt" count="24"/>
      <line num="40" type="stmt" count="24"/>
      <line num="43" type="method" name="publishesConfiguration" visibility="private" complexity="1" crap="2" count="0"/>
      <line num="45" type="stmt" count="0"/>
      <line num="46" type="stmt" count="0"/>
      <line num="47" type="stmt" count="0"/>
      <metrics loc="49" ncloc="48" classes="1" methods="5" coveredmethods="3" conditionals="0" coveredconditionals="0" statements="17" coveredstatements="10" elements="22" coveredelements="13"/>
    </file>
    <file name="/home/mateus/Documents/open-source/batch-mailer-for-laravel/src/SentMessage.php">
      <class name="InteractionDesignFoundation\BatchMailer\SentMessage" namespace="global">
        <metrics complexity="3" methods="3" coveredmethods="3" conditionals="0" coveredconditionals="0" statements="3" coveredstatements="3" elements="6" coveredelements="6"/>
      </class>
      <line num="7" type="method" name="__construct" visibility="public" complexity="1" crap="1" count="11"/>
      <line num="10" type="stmt" count="11"/>
      <line num="12" type="method" name="originalMessage" visibility="public" complexity="1" crap="1" count="5"/>
      <line num="14" type="stmt" count="5"/>
      <line num="17" type="method" name="messageId" visibility="public" complexity="1" crap="1" count="2"/>
      <line num="19" type="stmt" count="2"/>
      <metrics loc="21" ncloc="21" classes="1" methods="3" coveredmethods="3" conditionals="0" coveredconditionals="0" statements="3" coveredstatements="3" elements="6" coveredelements="6"/>
    </file>
    <file name="/home/mateus/Documents/open-source/batch-mailer-for-laravel/src/Transports/ArrayTransport.php">
      <class name="InteractionDesignFoundation\BatchMailer\Transports\ArrayTransport" namespace="global">
        <metrics complexity="6" methods="6" coveredmethods="2" conditionals="0" coveredconditionals="0" statements="7" coveredstatements="3" elements="13" coveredelements="5"/>
      </class>
      <line num="15" type="method" name="__construct" visibility="public" complexity="1" crap="1" count="8"/>
      <line num="17" type="stmt" count="8"/>
      <line num="20" type="method" name="send" visibility="public" complexity="1" crap="1" count="7"/>
      <line num="22" type="stmt" count="7"/>
      <line num="24" type="stmt" count="7"/>
      <line num="27" type="method" name="getNameSymbol" visibility="public" complexity="1" crap="2" count="0"/>
      <line num="29" type="stmt" count="0"/>
      <line num="33" type="method" name="messages" visibility="public" complexity="1" crap="2" count="0"/>
      <line num="35" type="stmt" count="0"/>
      <line num="38" type="method" name="flush" visibility="public" complexity="1" crap="2" count="0"/>
      <line num="40" type="stmt" count="0"/>
      <line num="43" type="method" name="__toString" visibility="public" complexity="1" crap="2" count="0"/>
      <line num="45" type="stmt" count="0"/>
      <metrics loc="47" ncloc="45" classes="1" methods="6" coveredmethods="2" conditionals="0" coveredconditionals="0" statements="7" coveredstatements="3" elements="13" coveredelements="5"/>
    </file>
    <file name="/home/mateus/Documents/open-source/batch-mailer-for-laravel/src/Transports/FailoverTransport.php">
      <class name="InteractionDesignFoundation\BatchMailer\Transports\FailoverTransport" namespace="global">
        <metrics complexity="5" methods="3" coveredmethods="3" conditionals="0" coveredconditionals="0" statements="5" coveredstatements="5" elements="8" coveredelements="8"/>
      </class>
      <line num="11" type="method" name="getNextTransport" visibility="protected" complexity="3" crap="3" count="4"/>
      <line num="13" type="stmt" count="4"/>
      <line num="14" type="stmt" count="4"/>
      <line num="17" type="stmt" count="4"/>
      <line num="20" type="method" name="getNameSymbol" visibility="public" complexity="1" crap="1" count="1"/>
      <line num="22" type="stmt" count="1"/>
      <line num="25" type="method" name="getInitialCursor" visibility="public" complexity="1" crap="1" count="3"/>
      <line num="27" type="stmt" count="3"/>
      <metrics loc="29" ncloc="29" classes="1" methods="3" coveredmethods="3" conditionals="0" coveredconditionals="0" statements="5" coveredstatements="5" elements="8" coveredelements="8"/>
    </file>
    <file name="/home/mateus/Documents/open-source/batch-mailer-for-laravel/src/Transports/MailgunBatchTransport.php">
      <class name="InteractionDesignFoundation\BatchMailer\Transports\MailgunBatchTransport" namespace="global">
        <metrics complexity="24" methods="4" coveredmethods="1" conditionals="0" coveredconditionals="0" statements="58" coveredstatements="1" elements="62" coveredelements="2"/>
      </class>
      <line num="18" type="method" name="__construct" visibility="public" complexity="1" crap="1" count="2"/>
      <line num="19" type="stmt" count="2"/>
      <line num="21" type="method" name="send" visibility="public" complexity="21" crap="462" count="0"/>
      <line num="23" type="stmt" count="0"/>
      <line num="25" type="stmt" count="0"/>
      <line num="26" type="stmt" count="0"/>
      <line num="29" type="stmt" count="0"/>
      <line num="32" type="stmt" count="0"/>
      <line num="33" type="stmt" count="0"/>
      <line num="36" type="stmt" count="0"/>
      <line num="37" type="stmt" count="0"/>
      <line num="39" type="stmt" count="0"/>
      <line num="40" type="stmt" count="0"/>
      <line num="43" type="stmt" count="0"/>
      <line num="45" type="stmt" count="0"/>
      <line num="46" type="stmt" count="0"/>
      <line num="50" type="stmt" count="0"/>
      <line num="51" type="stmt" count="0"/>
      <line num="54" type="stmt" count="0"/>
      <line num="55" type="stmt" count="0"/>
      <line num="58" type="stmt" count="0"/>
      <line num="64" type="stmt" count="0"/>
      <line num="67" type="stmt" count="0"/>
      <line num="68" type="stmt" count="0"/>
      <line num="71" type="stmt" count="0"/>
      <line num="72" type="stmt" count="0"/>
      <line num="75" type="stmt" count="0"/>
      <line num="76" type="stmt" count="0"/>
      <line num="79" type="stmt" count="0"/>
      <line num="82" type="stmt" count="0"/>
      <line num="85" type="stmt" count="0"/>
      <line num="86" type="stmt" count="0"/>
      <line num="89" type="stmt" count="0"/>
      <line num="90" type="stmt" count="0"/>
      <line num="92" type="stmt" count="0"/>
      <line num="93" type="stmt" count="0"/>
      <line num="95" type="stmt" count="0"/>
      <line num="96" type="stmt" count="0"/>
      <line num="99" type="stmt" count="0"/>
      <line num="101" type="stmt" count="0"/>
      <line num="102" type="stmt" count="0"/>
      <line num="103" type="stmt" count="0"/>
      <line num="104" type="stmt" count="0"/>
      <line num="105" type="stmt" count="0"/>
      <line num="108" type="stmt" count="0"/>
      <line num="109" type="stmt" count="0"/>
      <line num="110" type="stmt" count="0"/>
      <line num="113" type="stmt" count="0"/>
      <line num="114" type="stmt" count="0"/>
      <line num="115" type="stmt" count="0"/>
      <line num="118" type="stmt" count="0"/>
      <line num="119" type="stmt" count="0"/>
      <line num="120" type="stmt" count="0"/>
      <line num="126" type="stmt" count="0"/>
      <line num="127" type="stmt" count="0"/>
      <line num="128" type="stmt" count="0"/>
      <line num="129" type="stmt" count="0"/>
      <line num="134" type="stmt" count="0"/>
      <line num="137" type="method" name="getNameSymbol" visibility="public" complexity="1" crap="2" count="0"/>
      <line num="139" type="stmt" count="0"/>
      <line num="142" type="method" name="__toString" visibility="public" complexity="1" crap="2" count="0"/>
      <line num="144" type="stmt" count="0"/>
      <metrics loc="146" ncloc="140" classes="1" methods="4" coveredmethods="1" conditionals="0" coveredconditionals="0" statements="58" coveredstatements="1" elements="62" coveredelements="2"/>
    </file>
    <file name="/home/mateus/Documents/open-source/batch-mailer-for-laravel/src/Transports/PostmarkBatchTransport.php">
      <class name="InteractionDesignFoundation\BatchMailer\Transports\PostmarkBatchTransport" namespace="global">
        <metrics complexity="20" methods="5" coveredmethods="3" conditionals="0" coveredconditionals="0" statements="63" coveredstatements="55" elements="68" coveredelements="58"/>
      </class>
      <line num="22" type="method" name="send" visibility="public" complexity="14" crap="14.48" count="3"/>
      <line num="24" type="stmt" count="3"/>
      <line num="26" type="stmt" count="3"/>
      <line num="27" type="stmt" count="1"/>
      <line num="28" type="stmt" count="1"/>
      <line num="33" type="stmt" count="2"/>
      <line num="35" type="stmt" count="2"/>
      <line num="36" type="stmt" count="2"/>
      <line num="37" type="stmt" count="2"/>
      <line num="38" type="stmt" count="2"/>
      <line num="39" type="stmt" count="2"/>
      <line num="40" type="stmt" count="2"/>
      <line num="41" type="stmt" count="2"/>
      <line num="42" type="stmt" count="2"/>
      <line num="43" type="stmt" count="2"/>
      <line num="44" type="stmt" count="2"/>
      <line num="45" type="stmt" count="2"/>
      <line num="46" type="stmt" count="2"/>
      <line num="47" type="stmt" count="2"/>
      <line num="48" type="stmt" count="2"/>
      <line num="50" type="stmt" count="2"/>
      <line num="51" type="stmt" count="2"/>
      <line num="52" type="stmt" count="2"/>
      <line num="53" type="stmt" count="2"/>
      <line num="54" type="stmt" count="2"/>
      <line num="57" type="stmt" count="2"/>
      <line num="58" type="stmt" count="2"/>
      <line num="61" type="stmt" count="2"/>
      <line num="62" type="stmt" count="2"/>
      <line num="65" type="stmt" count="2"/>
      <line num="68" type="stmt" count="1"/>
      <line num="69" type="stmt" count="1"/>
      <line num="70" type="stmt" count="1"/>
      <line num="71" type="stmt" count="1"/>
      <line num="72" type="stmt" count="1"/>
      <line num="75" type="stmt" count="2"/>
      <line num="77" type="stmt" count="0"/>
      <line num="80" type="stmt" count="2"/>
      <line num="81" type="stmt" count="2"/>
      <line num="84" type="stmt" count="2"/>
      <line num="85" type="stmt" count="0"/>
      <line num="88" type="stmt" count="2"/>
      <line num="89" type="stmt" count="0"/>
      <line num="92" type="stmt" count="2"/>
      <line num="93" type="stmt" count="0"/>
      <line num="96" type="stmt" count="2"/>
      <line num="97" type="stmt" count="1"/>
      <line num="100" type="stmt" count="2"/>
      <line num="104" type="stmt" count="2"/>
      <line num="105" type="stmt" count="0"/>
      <line num="106" type="stmt" count="0"/>
      <line num="107" type="stmt" count="0"/>
      <line num="112" type="stmt" count="2"/>
      <line num="115" type="method" name="preparePostmarkHeaders" visibility="private" complexity="2" crap="2" count="1"/>
      <line num="117" type="stmt" count="1"/>
      <line num="119" type="stmt" count="1"/>
      <line num="120" type="stmt" count="1"/>
      <line num="121" type="stmt" count="1"/>
      <line num="122" type="stmt" count="1"/>
      <line num="123" type="stmt" count="1"/>
      <line num="126" type="stmt" count="1"/>
      <line num="129" type="method" name="guessMimeType" visibility="private" complexity="2" crap="2" count="1"/>
      <line num="131" type="stmt" count="1"/>
      <line num="133" type="stmt" count="1"/>
      <line num="136" type="method" name="getNameSymbol" visibility="public" complexity="1" crap="1" count="1"/>
      <line num="138" type="stmt" count="1"/>
      <line num="141" type="method" name="__toString" visibility="public" complexity="1" crap="2" count="0"/>
      <line num="143" type="stmt" count="0"/>
      <metrics loc="145" ncloc="144" classes="1" methods="5" coveredmethods="3" conditionals="0" coveredconditionals="0" statements="63" coveredstatements="55" elements="68" coveredelements="58"/>
    </file>
    <file name="/home/mateus/Documents/open-source/batch-mailer-for-laravel/src/Transports/RoundRobinTransport.php">
      <class name="InteractionDesignFoundation\BatchMailer\Transports\RoundRobinTransport" namespace="global">
        <metrics complexity="18" methods="9" coveredmethods="6" conditionals="0" coveredconditionals="0" statements="31" coveredstatements="27" elements="40" coveredelements="33"/>
      </class>
      <line num="16" type="method" name="__construct" visibility="public" complexity="2" crap="2" count="7"/>
      <line num="18" type="stmt" count="7"/>
      <line num="19" type="stmt" count="1"/>
      <line num="22" type="stmt" count="6"/>
      <line num="25" type="method" name="send" visibility="public" complexity="3" crap="3" count="4"/>
      <line num="27" type="stmt" count="4"/>
      <line num="29" type="stmt" count="4"/>
      <line num="31" type="stmt" count="4"/>
      <line num="32" type="stmt" count="4"/>
      <line num="33" type="stmt" count="4"/>
      <line num="34" type="stmt" count="4"/>
      <line num="35" type="stmt" count="4"/>
      <line num="37" type="stmt" count="4"/>
      <line num="44" type="method" name="getNextTransport" visibility="protected" complexity="6" crap="6.10" count="4"/>
      <line num="46" type="stmt" count="4"/>
      <line num="47" type="stmt" count="3"/>
      <line num="50" type="stmt" count="4"/>
      <line num="51" type="stmt" count="4"/>
      <line num="52" type="stmt" count="4"/>
      <line num="54" type="stmt" count="4"/>
      <line num="55" type="stmt" count="4"/>
      <line num="58" type="stmt" count="2"/>
      <line num="59" type="stmt" count="0"/>
      <line num="61" type="stmt" count="0"/>
      <line num="64" type="stmt" count="2"/>
      <line num="65" type="stmt" count="2"/>
      <line num="69" type="stmt" count="4"/>
      <line num="71" type="stmt" count="4"/>
      <line num="74" type="method" name="isTransportDead" visibility="protected" complexity="1" crap="1" count="4"/>
      <line num="76" type="stmt" count="4"/>
      <line num="79" type="method" name="getInitialCursor" visibility="protected" complexity="1" crap="2" count="0"/>
      <line num="83" type="stmt" count="0"/>
      <line num="86" type="method" name="getNameSymbol" visibility="public" complexity="1" crap="2" count="0"/>
      <line num="88" type="stmt" count="0"/>
      <line num="91" type="method" name="moveCursor" visibility="private" complexity="2" crap="2" count="4"/>
      <line num="93" type="stmt" count="4"/>
      <line num="96" type="method" name="__toString" visibility="public" complexity="1" crap="1" count="1"/>
      <line num="98" type="stmt" count="1"/>
      <line num="101" type="method" name="formatException" visibility="private" complexity="1" crap="1" count="4"/>
      <line num="103" type="stmt" count="4"/>
      <metrics loc="105" ncloc="102" classes="1" methods="9" coveredmethods="6" conditionals="0" coveredconditionals="0" statements="31" coveredstatements="27" elements="40" coveredelements="33"/>
    </file>
    <metrics files="30" loc="2378" ncloc="2202" classes="22" methods="193" coveredmethods="97" conditionals="0" coveredconditionals="0" statements="655" coveredstatements="388" elements="848" coveredelements="485"/>
  </project>
</coverage>
